The system is: Linux - 5.4.0-100-generic - x86_64
Compiling the CXX compiler identification source file "CMakeCXXCompilerId.cpp" succeeded.
Compiler: /usr/bin/c++ 
Build flags: 
Id flags:  

The output was:
0


Compilation of the CXX compiler identification source "CMakeCXXCompilerId.cpp" produced "a.out"

The CXX compiler identification is GNU, found in "/root/work/sol2/build/CMakeFiles/3.16.3/CompilerIdCXX/a.out"

Compiling the C compiler identification source file "CMakeCCompilerId.c" succeeded.
Compiler: /usr/bin/cc 
Build flags: 
Id flags:  

The output was:
0


Compilation of the C compiler identification source "CMakeCCompilerId.c" produced "a.out"

The C compiler identification is GNU, found in "/root/work/sol2/build/CMakeFiles/3.16.3/CompilerIdC/a.out"

Determining if the CXX compiler works passed with the following output:
Change Dir: /root/work/sol2/build/CMakeFiles/CMakeTmp

Run Build Command(s):/usr/bin/make cmTC_07fda/fast && /usr/bin/make -f CMakeFiles/cmTC_07fda.dir/build.make CMakeFiles/cmTC_07fda.dir/build
make[1]: Entering directory '/root/work/sol2/build/CMakeFiles/CMakeTmp'
Building CXX object CMakeFiles/cmTC_07fda.dir/testCXXCompiler.cxx.o
/usr/bin/c++     -o CMakeFiles/cmTC_07fda.dir/testCXXCompiler.cxx.o -c /root/work/sol2/build/CMakeFiles/CMakeTmp/testCXXCompiler.cxx
Linking CXX executable cmTC_07fda
/usr/bin/cmake -E cmake_link_script CMakeFiles/cmTC_07fda.dir/link.txt --verbose=1
/usr/bin/c++       CMakeFiles/cmTC_07fda.dir/testCXXCompiler.cxx.o  -o cmTC_07fda 
make[1]: Leaving directory '/root/work/sol2/build/CMakeFiles/CMakeTmp'



Detecting CXX compiler ABI info compiled with the following output:
Change Dir: /root/work/sol2/build/CMakeFiles/CMakeTmp

Run Build Command(s):/usr/bin/make cmTC_d92f0/fast && /usr/bin/make -f CMakeFiles/cmTC_d92f0.dir/build.make CMakeFiles/cmTC_d92f0.dir/build
make[1]: Entering directory '/root/work/sol2/build/CMakeFiles/CMakeTmp'
Building CXX object CMakeFiles/cmTC_d92f0.dir/CMakeCXXCompilerABI.cpp.o
/usr/bin/c++    -v -o CMakeFiles/cmTC_d92f0.dir/CMakeCXXCompilerABI.cpp.o -c /usr/share/cmake-3.16/Modules/CMakeCXXCompilerABI.cpp
Using built-in specs.
COLLECT_GCC=/usr/bin/c++
OFFLOAD_TARGET_NAMES=nvptx-none:hsa
OFFLOAD_TARGET_DEFAULT=1
Target: x86_64-linux-gnu
Configured with: ../src/configure -v --with-pkgversion='Ubuntu 9.4.0-1ubuntu1~20.04' --with-bugurl=file:///usr/share/doc/gcc-9/README.Bugs --enable-languages=c,ada,c++,go,brig,d,fortran,objc,obj-c++,gm2 --prefix=/usr --with-gcc-major-version-only --program-suffix=-9 --program-prefix=x86_64-linux-gnu- --enable-shared --enable-linker-build-id --libexecdir=/usr/lib --without-included-gettext --enable-threads=posix --libdir=/usr/lib --enable-nls --enable-clocale=gnu --enable-libstdcxx-debug --enable-libstdcxx-time=yes --with-default-libstdcxx-abi=new --enable-gnu-unique-object --disable-vtable-verify --enable-plugin --enable-default-pie --with-system-zlib --with-target-system-zlib=auto --enable-objc-gc=auto --enable-multiarch --disable-werror --with-arch-32=i686 --with-abi=m64 --with-multilib-list=m32,m64,mx32 --enable-multilib --with-tune=generic --enable-offload-targets=nvptx-none=/build/gcc-9-yTrUTS/gcc-9-9.4.0/debian/tmp-nvptx/usr,hsa --without-cuda-driver --enable-checking=release --build=x86_64-linux-gnu --host=x86_64-linux-gnu --target=x86_64-linux-gnu
Thread model: posix
gcc version 9.4.0 (Ubuntu 9.4.0-1ubuntu1~20.04) 
COLLECT_GCC_OPTIONS='-v' '-o' 'CMakeFiles/cmTC_d92f0.dir/CMakeCXXCompilerABI.cpp.o' '-c' '-shared-libgcc' '-mtune=generic' '-march=x86-64'
 /usr/lib/gcc/x86_64-linux-gnu/9/cc1plus -quiet -v -imultiarch x86_64-linux-gnu -D_GNU_SOURCE /usr/share/cmake-3.16/Modules/CMakeCXXCompilerABI.cpp -quiet -dumpbase CMakeCXXCompilerABI.cpp -mtune=generic -march=x86-64 -auxbase-strip CMakeFiles/cmTC_d92f0.dir/CMakeCXXCompilerABI.cpp.o -version -fasynchronous-unwind-tables -fstack-protector-strong -Wformat -Wformat-security -fstack-clash-protection -fcf-protection -o /tmp/cc44sMM6.s
GNU C++14 (Ubuntu 9.4.0-1ubuntu1~20.04) version 9.4.0 (x86_64-linux-gnu)
	compiled by GNU C version 9.4.0, GMP version 6.2.0, MPFR version 4.0.2, MPC version 1.1.0, isl version isl-0.22.1-GMP

GGC heuristics: --param ggc-min-expand=100 --param ggc-min-heapsize=131072
ignoring duplicate directory "/usr/include/x86_64-linux-gnu/c++/9"
ignoring nonexistent directory "/usr/local/include/x86_64-linux-gnu"
ignoring nonexistent directory "/usr/lib/gcc/x86_64-linux-gnu/9/include-fixed"
ignoring nonexistent directory "/usr/lib/gcc/x86_64-linux-gnu/9/../../../../x86_64-linux-gnu/include"
#include "..." search starts here:
#include <...> search starts here:
 /usr/include/c++/9
 /usr/include/x86_64-linux-gnu/c++/9
 /usr/include/c++/9/backward
 /usr/lib/gcc/x86_64-linux-gnu/9/include
 /usr/local/include
 /usr/include/x86_64-linux-gnu
 /usr/include
End of search list.
GNU C++14 (Ubuntu 9.4.0-1ubuntu1~20.04) version 9.4.0 (x86_64-linux-gnu)
	compiled by GNU C version 9.4.0, GMP version 6.2.0, MPFR version 4.0.2, MPC version 1.1.0, isl version isl-0.22.1-GMP

GGC heuristics: --param ggc-min-expand=100 --param ggc-min-heapsize=131072
Compiler executable checksum: de81ae2094cd619a4e4415514e80087d
COLLECT_GCC_OPTIONS='-v' '-o' 'CMakeFiles/cmTC_d92f0.dir/CMakeCXXCompilerABI.cpp.o' '-c' '-shared-libgcc' '-mtune=generic' '-march=x86-64'
 as -v --64 -o CMakeFiles/cmTC_d92f0.dir/CMakeCXXCompilerABI.cpp.o /tmp/cc44sMM6.s
GNU assembler version 2.34 (x86_64-linux-gnu) using BFD version (GNU Binutils for Ubuntu) 2.34
COMPILER_PATH=/usr/lib/gcc/x86_64-linux-gnu/9/:/usr/lib/gcc/x86_64-linux-gnu/9/:/usr/lib/gcc/x86_64-linux-gnu/:/usr/lib/gcc/x86_64-linux-gnu/9/:/usr/lib/gcc/x86_64-linux-gnu/
LIBRARY_PATH=/usr/lib/gcc/x86_64-linux-gnu/9/:/usr/lib/gcc/x86_64-linux-gnu/9/../../../x86_64-linux-gnu/:/usr/lib/gcc/x86_64-linux-gnu/9/../../../../lib/:/lib/x86_64-linux-gnu/:/lib/../lib/:/usr/lib/x86_64-linux-gnu/:/usr/lib/../lib/:/usr/lib/gcc/x86_64-linux-gnu/9/../../../:/lib/:/usr/lib/
COLLECT_GCC_OPTIONS='-v' '-o' 'CMakeFiles/cmTC_d92f0.dir/CMakeCXXCompilerABI.cpp.o' '-c' '-shared-libgcc' '-mtune=generic' '-march=x86-64'
Linking CXX executable cmTC_d92f0
/usr/bin/cmake -E cmake_link_script CMakeFiles/cmTC_d92f0.dir/link.txt --verbose=1
/usr/bin/c++      -v CMakeFiles/cmTC_d92f0.dir/CMakeCXXCompilerABI.cpp.o  -o cmTC_d92f0 
Using built-in specs.
COLLECT_GCC=/usr/bin/c++
COLLECT_LTO_WRAPPER=/usr/lib/gcc/x86_64-linux-gnu/9/lto-wrapper
OFFLOAD_TARGET_NAMES=nvptx-none:hsa
OFFLOAD_TARGET_DEFAULT=1
Target: x86_64-linux-gnu
Configured with: ../src/configure -v --with-pkgversion='Ubuntu 9.4.0-1ubuntu1~20.04' --with-bugurl=file:///usr/share/doc/gcc-9/README.Bugs --enable-languages=c,ada,c++,go,brig,d,fortran,objc,obj-c++,gm2 --prefix=/usr --with-gcc-major-version-only --program-suffix=-9 --program-prefix=x86_64-linux-gnu- --enable-shared --enable-linker-build-id --libexecdir=/usr/lib --without-included-gettext --enable-threads=posix --libdir=/usr/lib --enable-nls --enable-clocale=gnu --enable-libstdcxx-debug --enable-libstdcxx-time=yes --with-default-libstdcxx-abi=new --enable-gnu-unique-object --disable-vtable-verify --enable-plugin --enable-default-pie --with-system-zlib --with-target-system-zlib=auto --enable-objc-gc=auto --enable-multiarch --disable-werror --with-arch-32=i686 --with-abi=m64 --with-multilib-list=m32,m64,mx32 --enable-multilib --with-tune=generic --enable-offload-targets=nvptx-none=/build/gcc-9-yTrUTS/gcc-9-9.4.0/debian/tmp-nvptx/usr,hsa --without-cuda-driver --enable-checking=release --build=x86_64-linux-gnu --host=x86_64-linux-gnu --target=x86_64-linux-gnu
Thread model: posix
gcc version 9.4.0 (Ubuntu 9.4.0-1ubuntu1~20.04) 
COMPILER_PATH=/usr/lib/gcc/x86_64-linux-gnu/9/:/usr/lib/gcc/x86_64-linux-gnu/9/:/usr/lib/gcc/x86_64-linux-gnu/:/usr/lib/gcc/x86_64-linux-gnu/9/:/usr/lib/gcc/x86_64-linux-gnu/
LIBRARY_PATH=/usr/lib/gcc/x86_64-linux-gnu/9/:/usr/lib/gcc/x86_64-linux-gnu/9/../../../x86_64-linux-gnu/:/usr/lib/gcc/x86_64-linux-gnu/9/../../../../lib/:/lib/x86_64-linux-gnu/:/lib/../lib/:/usr/lib/x86_64-linux-gnu/:/usr/lib/../lib/:/usr/lib/gcc/x86_64-linux-gnu/9/../../../:/lib/:/usr/lib/
COLLECT_GCC_OPTIONS='-v' '-o' 'cmTC_d92f0' '-shared-libgcc' '-mtune=generic' '-march=x86-64'
 /usr/lib/gcc/x86_64-linux-gnu/9/collect2 -plugin /usr/lib/gcc/x86_64-linux-gnu/9/liblto_plugin.so -plugin-opt=/usr/lib/gcc/x86_64-linux-gnu/9/lto-wrapper -plugin-opt=-fresolution=/tmp/ccvWpBtx.res -plugin-opt=-pass-through=-lgcc_s -plugin-opt=-pass-through=-lgcc -plugin-opt=-pass-through=-lc -plugin-opt=-pass-through=-lgcc_s -plugin-opt=-pass-through=-lgcc --build-id --eh-frame-hdr -m elf_x86_64 --hash-style=gnu --as-needed -dynamic-linker /lib64/ld-linux-x86-64.so.2 -pie -z now -z relro -o cmTC_d92f0 /usr/lib/gcc/x86_64-linux-gnu/9/../../../x86_64-linux-gnu/Scrt1.o /usr/lib/gcc/x86_64-linux-gnu/9/../../../x86_64-linux-gnu/crti.o /usr/lib/gcc/x86_64-linux-gnu/9/crtbeginS.o -L/usr/lib/gcc/x86_64-linux-gnu/9 -L/usr/lib/gcc/x86_64-linux-gnu/9/../../../x86_64-linux-gnu -L/usr/lib/gcc/x86_64-linux-gnu/9/../../../../lib -L/lib/x86_64-linux-gnu -L/lib/../lib -L/usr/lib/x86_64-linux-gnu -L/usr/lib/../lib -L/usr/lib/gcc/x86_64-linux-gnu/9/../../.. CMakeFiles/cmTC_d92f0.dir/CMakeCXXCompilerABI.cpp.o -lstdc++ -lm -lgcc_s -lgcc -lc -lgcc_s -lgcc /usr/lib/gcc/x86_64-linux-gnu/9/crtendS.o /usr/lib/gcc/x86_64-linux-gnu/9/../../../x86_64-linux-gnu/crtn.o
COLLECT_GCC_OPTIONS='-v' '-o' 'cmTC_d92f0' '-shared-libgcc' '-mtune=generic' '-march=x86-64'
make[1]: Leaving directory '/root/work/sol2/build/CMakeFiles/CMakeTmp'



Parsed CXX implicit include dir info from above output: rv=done
  found start of include info
  found start of implicit include info
    add: [/usr/include/c++/9]
    add: [/usr/include/x86_64-linux-gnu/c++/9]
    add: [/usr/include/c++/9/backward]
    add: [/usr/lib/gcc/x86_64-linux-gnu/9/include]
    add: [/usr/local/include]
    add: [/usr/include/x86_64-linux-gnu]
    add: [/usr/include]
  end of search list found
  collapse include dir [/usr/include/c++/9] ==> [/usr/include/c++/9]
  collapse include dir [/usr/include/x86_64-linux-gnu/c++/9] ==> [/usr/include/x86_64-linux-gnu/c++/9]
  collapse include dir [/usr/include/c++/9/backward] ==> [/usr/include/c++/9/backward]
  collapse include dir [/usr/lib/gcc/x86_64-linux-gnu/9/include] ==> [/usr/lib/gcc/x86_64-linux-gnu/9/include]
  collapse include dir [/usr/local/include] ==> [/usr/local/include]
  collapse include dir [/usr/include/x86_64-linux-gnu] ==> [/usr/include/x86_64-linux-gnu]
  collapse include dir [/usr/include] ==> [/usr/include]
  implicit include dirs: [/usr/include/c++/9;/usr/include/x86_64-linux-gnu/c++/9;/usr/include/c++/9/backward;/usr/lib/gcc/x86_64-linux-gnu/9/include;/usr/local/include;/usr/include/x86_64-linux-gnu;/usr/include]


Parsed CXX implicit link information from above output:
  link line regex: [^( *|.*[/\])(ld|CMAKE_LINK_STARTFILE-NOTFOUND|([^/\]+-)?ld|collect2)[^/\]*( |$)]
  ignore line: [Change Dir: /root/work/sol2/build/CMakeFiles/CMakeTmp]
  ignore line: []
  ignore line: [Run Build Command(s):/usr/bin/make cmTC_d92f0/fast && /usr/bin/make -f CMakeFiles/cmTC_d92f0.dir/build.make CMakeFiles/cmTC_d92f0.dir/build]
  ignore line: [make[1]: Entering directory '/root/work/sol2/build/CMakeFiles/CMakeTmp']
  ignore line: [Building CXX object CMakeFiles/cmTC_d92f0.dir/CMakeCXXCompilerABI.cpp.o]
  ignore line: [/usr/bin/c++    -v -o CMakeFiles/cmTC_d92f0.dir/CMakeCXXCompilerABI.cpp.o -c /usr/share/cmake-3.16/Modules/CMakeCXXCompilerABI.cpp]
  ignore line: [Using built-in specs.]
  ignore line: [COLLECT_GCC=/usr/bin/c++]
  ignore line: [OFFLOAD_TARGET_NAMES=nvptx-none:hsa]
  ignore line: [OFFLOAD_TARGET_DEFAULT=1]
  ignore line: [Target: x86_64-linux-gnu]
  ignore line: [Configured with: ../src/configure -v --with-pkgversion='Ubuntu 9.4.0-1ubuntu1~20.04' --with-bugurl=file:///usr/share/doc/gcc-9/README.Bugs --enable-languages=c ada c++ go brig d fortran objc obj-c++ gm2 --prefix=/usr --with-gcc-major-version-only --program-suffix=-9 --program-prefix=x86_64-linux-gnu- --enable-shared --enable-linker-build-id --libexecdir=/usr/lib --without-included-gettext --enable-threads=posix --libdir=/usr/lib --enable-nls --enable-clocale=gnu --enable-libstdcxx-debug --enable-libstdcxx-time=yes --with-default-libstdcxx-abi=new --enable-gnu-unique-object --disable-vtable-verify --enable-plugin --enable-default-pie --with-system-zlib --with-target-system-zlib=auto --enable-objc-gc=auto --enable-multiarch --disable-werror --with-arch-32=i686 --with-abi=m64 --with-multilib-list=m32 m64 mx32 --enable-multilib --with-tune=generic --enable-offload-targets=nvptx-none=/build/gcc-9-yTrUTS/gcc-9-9.4.0/debian/tmp-nvptx/usr hsa --without-cuda-driver --enable-checking=release --build=x86_64-linux-gnu --host=x86_64-linux-gnu --target=x86_64-linux-gnu]
  ignore line: [Thread model: posix]
  ignore line: [gcc version 9.4.0 (Ubuntu 9.4.0-1ubuntu1~20.04) ]
  ignore line: [COLLECT_GCC_OPTIONS='-v' '-o' 'CMakeFiles/cmTC_d92f0.dir/CMakeCXXCompilerABI.cpp.o' '-c' '-shared-libgcc' '-mtune=generic' '-march=x86-64']
  ignore line: [ /usr/lib/gcc/x86_64-linux-gnu/9/cc1plus -quiet -v -imultiarch x86_64-linux-gnu -D_GNU_SOURCE /usr/share/cmake-3.16/Modules/CMakeCXXCompilerABI.cpp -quiet -dumpbase CMakeCXXCompilerABI.cpp -mtune=generic -march=x86-64 -auxbase-strip CMakeFiles/cmTC_d92f0.dir/CMakeCXXCompilerABI.cpp.o -version -fasynchronous-unwind-tables -fstack-protector-strong -Wformat -Wformat-security -fstack-clash-protection -fcf-protection -o /tmp/cc44sMM6.s]
  ignore line: [GNU C++14 (Ubuntu 9.4.0-1ubuntu1~20.04) version 9.4.0 (x86_64-linux-gnu)]
  ignore line: [	compiled by GNU C version 9.4.0  GMP version 6.2.0  MPFR version 4.0.2  MPC version 1.1.0  isl version isl-0.22.1-GMP]
  ignore line: []
  ignore line: [GGC heuristics: --param ggc-min-expand=100 --param ggc-min-heapsize=131072]
  ignore line: [ignoring duplicate directory "/usr/include/x86_64-linux-gnu/c++/9"]
  ignore line: [ignoring nonexistent directory "/usr/local/include/x86_64-linux-gnu"]
  ignore line: [ignoring nonexistent directory "/usr/lib/gcc/x86_64-linux-gnu/9/include-fixed"]
  ignore line: [ignoring nonexistent directory "/usr/lib/gcc/x86_64-linux-gnu/9/../../../../x86_64-linux-gnu/include"]
  ignore line: [#include "..." search starts here:]
  ignore line: [#include <...> search starts here:]
  ignore line: [ /usr/include/c++/9]
  ignore line: [ /usr/include/x86_64-linux-gnu/c++/9]
  ignore line: [ /usr/include/c++/9/backward]
  ignore line: [ /usr/lib/gcc/x86_64-linux-gnu/9/include]
  ignore line: [ /usr/local/include]
  ignore line: [ /usr/include/x86_64-linux-gnu]
  ignore line: [ /usr/include]
  ignore line: [End of search list.]
  ignore line: [GNU C++14 (Ubuntu 9.4.0-1ubuntu1~20.04) version 9.4.0 (x86_64-linux-gnu)]
  ignore line: [	compiled by GNU C version 9.4.0  GMP version 6.2.0  MPFR version 4.0.2  MPC version 1.1.0  isl version isl-0.22.1-GMP]
  ignore line: []
  ignore line: [GGC heuristics: --param ggc-min-expand=100 --param ggc-min-heapsize=131072]
  ignore line: [Compiler executable checksum: de81ae2094cd619a4e4415514e80087d]
  ignore line: [COLLECT_GCC_OPTIONS='-v' '-o' 'CMakeFiles/cmTC_d92f0.dir/CMakeCXXCompilerABI.cpp.o' '-c' '-shared-libgcc' '-mtune=generic' '-march=x86-64']
  ignore line: [ as -v --64 -o CMakeFiles/cmTC_d92f0.dir/CMakeCXXCompilerABI.cpp.o /tmp/cc44sMM6.s]
  ignore line: [GNU assembler version 2.34 (x86_64-linux-gnu) using BFD version (GNU Binutils for Ubuntu) 2.34]
  ignore line: [COMPILER_PATH=/usr/lib/gcc/x86_64-linux-gnu/9/:/usr/lib/gcc/x86_64-linux-gnu/9/:/usr/lib/gcc/x86_64-linux-gnu/:/usr/lib/gcc/x86_64-linux-gnu/9/:/usr/lib/gcc/x86_64-linux-gnu/]
  ignore line: [LIBRARY_PATH=/usr/lib/gcc/x86_64-linux-gnu/9/:/usr/lib/gcc/x86_64-linux-gnu/9/../../../x86_64-linux-gnu/:/usr/lib/gcc/x86_64-linux-gnu/9/../../../../lib/:/lib/x86_64-linux-gnu/:/lib/../lib/:/usr/lib/x86_64-linux-gnu/:/usr/lib/../lib/:/usr/lib/gcc/x86_64-linux-gnu/9/../../../:/lib/:/usr/lib/]
  ignore line: [COLLECT_GCC_OPTIONS='-v' '-o' 'CMakeFiles/cmTC_d92f0.dir/CMakeCXXCompilerABI.cpp.o' '-c' '-shared-libgcc' '-mtune=generic' '-march=x86-64']
  ignore line: [Linking CXX executable cmTC_d92f0]
  ignore line: [/usr/bin/cmake -E cmake_link_script CMakeFiles/cmTC_d92f0.dir/link.txt --verbose=1]
  ignore line: [/usr/bin/c++      -v CMakeFiles/cmTC_d92f0.dir/CMakeCXXCompilerABI.cpp.o  -o cmTC_d92f0 ]
  ignore line: [Using built-in specs.]
  ignore line: [COLLECT_GCC=/usr/bin/c++]
  ignore line: [COLLECT_LTO_WRAPPER=/usr/lib/gcc/x86_64-linux-gnu/9/lto-wrapper]
  ignore line: [OFFLOAD_TARGET_NAMES=nvptx-none:hsa]
  ignore line: [OFFLOAD_TARGET_DEFAULT=1]
  ignore line: [Target: x86_64-linux-gnu]
  ignore line: [Configured with: ../src/configure -v --with-pkgversion='Ubuntu 9.4.0-1ubuntu1~20.04' --with-bugurl=file:///usr/share/doc/gcc-9/README.Bugs --enable-languages=c ada c++ go brig d fortran objc obj-c++ gm2 --prefix=/usr --with-gcc-major-version-only --program-suffix=-9 --program-prefix=x86_64-linux-gnu- --enable-shared --enable-linker-build-id --libexecdir=/usr/lib --without-included-gettext --enable-threads=posix --libdir=/usr/lib --enable-nls --enable-clocale=gnu --enable-libstdcxx-debug --enable-libstdcxx-time=yes --with-default-libstdcxx-abi=new --enable-gnu-unique-object --disable-vtable-verify --enable-plugin --enable-default-pie --with-system-zlib --with-target-system-zlib=auto --enable-objc-gc=auto --enable-multiarch --disable-werror --with-arch-32=i686 --with-abi=m64 --with-multilib-list=m32 m64 mx32 --enable-multilib --with-tune=generic --enable-offload-targets=nvptx-none=/build/gcc-9-yTrUTS/gcc-9-9.4.0/debian/tmp-nvptx/usr hsa --without-cuda-driver --enable-checking=release --build=x86_64-linux-gnu --host=x86_64-linux-gnu --target=x86_64-linux-gnu]
  ignore line: [Thread model: posix]
  ignore line: [gcc version 9.4.0 (Ubuntu 9.4.0-1ubuntu1~20.04) ]
  ignore line: [COMPILER_PATH=/usr/lib/gcc/x86_64-linux-gnu/9/:/usr/lib/gcc/x86_64-linux-gnu/9/:/usr/lib/gcc/x86_64-linux-gnu/:/usr/lib/gcc/x86_64-linux-gnu/9/:/usr/lib/gcc/x86_64-linux-gnu/]
  ignore line: [LIBRARY_PATH=/usr/lib/gcc/x86_64-linux-gnu/9/:/usr/lib/gcc/x86_64-linux-gnu/9/../../../x86_64-linux-gnu/:/usr/lib/gcc/x86_64-linux-gnu/9/../../../../lib/:/lib/x86_64-linux-gnu/:/lib/../lib/:/usr/lib/x86_64-linux-gnu/:/usr/lib/../lib/:/usr/lib/gcc/x86_64-linux-gnu/9/../../../:/lib/:/usr/lib/]
  ignore line: [COLLECT_GCC_OPTIONS='-v' '-o' 'cmTC_d92f0' '-shared-libgcc' '-mtune=generic' '-march=x86-64']
  link line: [ /usr/lib/gcc/x86_64-linux-gnu/9/collect2 -plugin /usr/lib/gcc/x86_64-linux-gnu/9/liblto_plugin.so -plugin-opt=/usr/lib/gcc/x86_64-linux-gnu/9/lto-wrapper -plugin-opt=-fresolution=/tmp/ccvWpBtx.res -plugin-opt=-pass-through=-lgcc_s -plugin-opt=-pass-through=-lgcc -plugin-opt=-pass-through=-lc -plugin-opt=-pass-through=-lgcc_s -plugin-opt=-pass-through=-lgcc --build-id --eh-frame-hdr -m elf_x86_64 --hash-style=gnu --as-needed -dynamic-linker /lib64/ld-linux-x86-64.so.2 -pie -z now -z relro -o cmTC_d92f0 /usr/lib/gcc/x86_64-linux-gnu/9/../../../x86_64-linux-gnu/Scrt1.o /usr/lib/gcc/x86_64-linux-gnu/9/../../../x86_64-linux-gnu/crti.o /usr/lib/gcc/x86_64-linux-gnu/9/crtbeginS.o -L/usr/lib/gcc/x86_64-linux-gnu/9 -L/usr/lib/gcc/x86_64-linux-gnu/9/../../../x86_64-linux-gnu -L/usr/lib/gcc/x86_64-linux-gnu/9/../../../../lib -L/lib/x86_64-linux-gnu -L/lib/../lib -L/usr/lib/x86_64-linux-gnu -L/usr/lib/../lib -L/usr/lib/gcc/x86_64-linux-gnu/9/../../.. CMakeFiles/cmTC_d92f0.dir/CMakeCXXCompilerABI.cpp.o -lstdc++ -lm -lgcc_s -lgcc -lc -lgcc_s -lgcc /usr/lib/gcc/x86_64-linux-gnu/9/crtendS.o /usr/lib/gcc/x86_64-linux-gnu/9/../../../x86_64-linux-gnu/crtn.o]
    arg [/usr/lib/gcc/x86_64-linux-gnu/9/collect2] ==> ignore
    arg [-plugin] ==> ignore
    arg [/usr/lib/gcc/x86_64-linux-gnu/9/liblto_plugin.so] ==> ignore
    arg [-plugin-opt=/usr/lib/gcc/x86_64-linux-gnu/9/lto-wrapper] ==> ignore
    arg [-plugin-opt=-fresolution=/tmp/ccvWpBtx.res] ==> ignore
    arg [-plugin-opt=-pass-through=-lgcc_s] ==> ignore
    arg [-plugin-opt=-pass-through=-lgcc] ==> ignore
    arg [-plugin-opt=-pass-through=-lc] ==> ignore
    arg [-plugin-opt=-pass-through=-lgcc_s] ==> ignore
    arg [-plugin-opt=-pass-through=-lgcc] ==> ignore
    arg [--build-id] ==> ignore
    arg [--eh-frame-hdr] ==> ignore
    arg [-m] ==> ignore
    arg [elf_x86_64] ==> ignore
    arg [--hash-style=gnu] ==> ignore
    arg [--as-needed] ==> ignore
    arg [-dynamic-linker] ==> ignore
    arg [/lib64/ld-linux-x86-64.so.2] ==> ignore
    arg [-pie] ==> ignore
    arg [-znow] ==> ignore
    arg [-zrelro] ==> ignore
    arg [-o] ==> ignore
    arg [cmTC_d92f0] ==> ignore
    arg [/usr/lib/gcc/x86_64-linux-gnu/9/../../../x86_64-linux-gnu/Scrt1.o] ==> ignore
    arg [/usr/lib/gcc/x86_64-linux-gnu/9/../../../x86_64-linux-gnu/crti.o] ==> ignore
    arg [/usr/lib/gcc/x86_64-linux-gnu/9/crtbeginS.o] ==> ignore
    arg [-L/usr/lib/gcc/x86_64-linux-gnu/9] ==> dir [/usr/lib/gcc/x86_64-linux-gnu/9]
    arg [-L/usr/lib/gcc/x86_64-linux-gnu/9/../../../x86_64-linux-gnu] ==> dir [/usr/lib/gcc/x86_64-linux-gnu/9/../../../x86_64-linux-gnu]
    arg [-L/usr/lib/gcc/x86_64-linux-gnu/9/../../../../lib] ==> dir [/usr/lib/gcc/x86_64-linux-gnu/9/../../../../lib]
    arg [-L/lib/x86_64-linux-gnu] ==> dir [/lib/x86_64-linux-gnu]
    arg [-L/lib/../lib] ==> dir [/lib/../lib]
    arg [-L/usr/lib/x86_64-linux-gnu] ==> dir [/usr/lib/x86_64-linux-gnu]
    arg [-L/usr/lib/../lib] ==> dir [/usr/lib/../lib]
    arg [-L/usr/lib/gcc/x86_64-linux-gnu/9/../../..] ==> dir [/usr/lib/gcc/x86_64-linux-gnu/9/../../..]
    arg [CMakeFiles/cmTC_d92f0.dir/CMakeCXXCompilerABI.cpp.o] ==> ignore
    arg [-lstdc++] ==> lib [stdc++]
    arg [-lm] ==> lib [m]
    arg [-lgcc_s] ==> lib [gcc_s]
    arg [-lgcc] ==> lib [gcc]
    arg [-lc] ==> lib [c]
    arg [-lgcc_s] ==> lib [gcc_s]
    arg [-lgcc] ==> lib [gcc]
    arg [/usr/lib/gcc/x86_64-linux-gnu/9/crtendS.o] ==> ignore
    arg [/usr/lib/gcc/x86_64-linux-gnu/9/../../../x86_64-linux-gnu/crtn.o] ==> ignore
  collapse library dir [/usr/lib/gcc/x86_64-linux-gnu/9] ==> [/usr/lib/gcc/x86_64-linux-gnu/9]
  collapse library dir [/usr/lib/gcc/x86_64-linux-gnu/9/../../../x86_64-linux-gnu] ==> [/usr/lib/x86_64-linux-gnu]
  collapse library dir [/usr/lib/gcc/x86_64-linux-gnu/9/../../../../lib] ==> [/usr/lib]
  collapse library dir [/lib/x86_64-linux-gnu] ==> [/lib/x86_64-linux-gnu]
  collapse library dir [/lib/../lib] ==> [/lib]
  collapse library dir [/usr/lib/x86_64-linux-gnu] ==> [/usr/lib/x86_64-linux-gnu]
  collapse library dir [/usr/lib/../lib] ==> [/usr/lib]
  collapse library dir [/usr/lib/gcc/x86_64-linux-gnu/9/../../..] ==> [/usr/lib]
  implicit libs: [stdc++;m;gcc_s;gcc;c;gcc_s;gcc]
  implicit dirs: [/usr/lib/gcc/x86_64-linux-gnu/9;/usr/lib/x86_64-linux-gnu;/usr/lib;/lib/x86_64-linux-gnu;/lib]
  implicit fwks: []


Determining if the C compiler works passed with the following output:
Change Dir: /root/work/sol2/build/CMakeFiles/CMakeTmp

Run Build Command(s):/usr/bin/make cmTC_141af/fast && /usr/bin/make -f CMakeFiles/cmTC_141af.dir/build.make CMakeFiles/cmTC_141af.dir/build
make[1]: Entering directory '/root/work/sol2/build/CMakeFiles/CMakeTmp'
Building C object CMakeFiles/cmTC_141af.dir/testCCompiler.c.o
/usr/bin/cc    -o CMakeFiles/cmTC_141af.dir/testCCompiler.c.o   -c /root/work/sol2/build/CMakeFiles/CMakeTmp/testCCompiler.c
Linking C executable cmTC_141af
/usr/bin/cmake -E cmake_link_script CMakeFiles/cmTC_141af.dir/link.txt --verbose=1
/usr/bin/cc      CMakeFiles/cmTC_141af.dir/testCCompiler.c.o  -o cmTC_141af 
make[1]: Leaving directory '/root/work/sol2/build/CMakeFiles/CMakeTmp'



Detecting C compiler ABI info compiled with the following output:
Change Dir: /root/work/sol2/build/CMakeFiles/CMakeTmp

Run Build Command(s):/usr/bin/make cmTC_af7bb/fast && /usr/bin/make -f CMakeFiles/cmTC_af7bb.dir/build.make CMakeFiles/cmTC_af7bb.dir/build
make[1]: Entering directory '/root/work/sol2/build/CMakeFiles/CMakeTmp'
Building C object CMakeFiles/cmTC_af7bb.dir/CMakeCCompilerABI.c.o
/usr/bin/cc   -v -o CMakeFiles/cmTC_af7bb.dir/CMakeCCompilerABI.c.o   -c /usr/share/cmake-3.16/Modules/CMakeCCompilerABI.c
Using built-in specs.
COLLECT_GCC=/usr/bin/cc
OFFLOAD_TARGET_NAMES=nvptx-none:hsa
OFFLOAD_TARGET_DEFAULT=1
Target: x86_64-linux-gnu
Configured with: ../src/configure -v --with-pkgversion='Ubuntu 9.4.0-1ubuntu1~20.04' --with-bugurl=file:///usr/share/doc/gcc-9/README.Bugs --enable-languages=c,ada,c++,go,brig,d,fortran,objc,obj-c++,gm2 --prefix=/usr --with-gcc-major-version-only --program-suffix=-9 --program-prefix=x86_64-linux-gnu- --enable-shared --enable-linker-build-id --libexecdir=/usr/lib --without-included-gettext --enable-threads=posix --libdir=/usr/lib --enable-nls --enable-clocale=gnu --enable-libstdcxx-debug --enable-libstdcxx-time=yes --with-default-libstdcxx-abi=new --enable-gnu-unique-object --disable-vtable-verify --enable-plugin --enable-default-pie --with-system-zlib --with-target-system-zlib=auto --enable-objc-gc=auto --enable-multiarch --disable-werror --with-arch-32=i686 --with-abi=m64 --with-multilib-list=m32,m64,mx32 --enable-multilib --with-tune=generic --enable-offload-targets=nvptx-none=/build/gcc-9-yTrUTS/gcc-9-9.4.0/debian/tmp-nvptx/usr,hsa --without-cuda-driver --enable-checking=release --build=x86_64-linux-gnu --host=x86_64-linux-gnu --target=x86_64-linux-gnu
Thread model: posix
gcc version 9.4.0 (Ubuntu 9.4.0-1ubuntu1~20.04) 
COLLECT_GCC_OPTIONS='-v' '-o' 'CMakeFiles/cmTC_af7bb.dir/CMakeCCompilerABI.c.o' '-c' '-mtune=generic' '-march=x86-64'
 /usr/lib/gcc/x86_64-linux-gnu/9/cc1 -quiet -v -imultiarch x86_64-linux-gnu /usr/share/cmake-3.16/Modules/CMakeCCompilerABI.c -quiet -dumpbase CMakeCCompilerABI.c -mtune=generic -march=x86-64 -auxbase-strip CMakeFiles/cmTC_af7bb.dir/CMakeCCompilerABI.c.o -version -fasynchronous-unwind-tables -fstack-protector-strong -Wformat -Wformat-security -fstack-clash-protection -fcf-protection -o /tmp/cceY3TW4.s
GNU C17 (Ubuntu 9.4.0-1ubuntu1~20.04) version 9.4.0 (x86_64-linux-gnu)
	compiled by GNU C version 9.4.0, GMP version 6.2.0, MPFR version 4.0.2, MPC version 1.1.0, isl version isl-0.22.1-GMP

GGC heuristics: --param ggc-min-expand=100 --param ggc-min-heapsize=131072
ignoring nonexistent directory "/usr/local/include/x86_64-linux-gnu"
ignoring nonexistent directory "/usr/lib/gcc/x86_64-linux-gnu/9/include-fixed"
ignoring nonexistent directory "/usr/lib/gcc/x86_64-linux-gnu/9/../../../../x86_64-linux-gnu/include"
#include "..." search starts here:
#include <...> search starts here:
 /usr/lib/gcc/x86_64-linux-gnu/9/include
 /usr/local/include
 /usr/include/x86_64-linux-gnu
 /usr/include
End of search list.
GNU C17 (Ubuntu 9.4.0-1ubuntu1~20.04) version 9.4.0 (x86_64-linux-gnu)
	compiled by GNU C version 9.4.0, GMP version 6.2.0, MPFR version 4.0.2, MPC version 1.1.0, isl version isl-0.22.1-GMP

GGC heuristics: --param ggc-min-expand=100 --param ggc-min-heapsize=131072
Compiler executable checksum: 0fa2a01b1ef16377fce6a0bcb60fb82d
COLLECT_GCC_OPTIONS='-v' '-o' 'CMakeFiles/cmTC_af7bb.dir/CMakeCCompilerABI.c.o' '-c' '-mtune=generic' '-march=x86-64'
 as -v --64 -o CMakeFiles/cmTC_af7bb.dir/CMakeCCompilerABI.c.o /tmp/cceY3TW4.s
GNU assembler version 2.34 (x86_64-linux-gnu) using BFD version (GNU Binutils for Ubuntu) 2.34
COMPILER_PATH=/usr/lib/gcc/x86_64-linux-gnu/9/:/usr/lib/gcc/x86_64-linux-gnu/9/:/usr/lib/gcc/x86_64-linux-gnu/:/usr/lib/gcc/x86_64-linux-gnu/9/:/usr/lib/gcc/x86_64-linux-gnu/
LIBRARY_PATH=/usr/lib/gcc/x86_64-linux-gnu/9/:/usr/lib/gcc/x86_64-linux-gnu/9/../../../x86_64-linux-gnu/:/usr/lib/gcc/x86_64-linux-gnu/9/../../../../lib/:/lib/x86_64-linux-gnu/:/lib/../lib/:/usr/lib/x86_64-linux-gnu/:/usr/lib/../lib/:/usr/lib/gcc/x86_64-linux-gnu/9/../../../:/lib/:/usr/lib/
COLLECT_GCC_OPTIONS='-v' '-o' 'CMakeFiles/cmTC_af7bb.dir/CMakeCCompilerABI.c.o' '-c' '-mtune=generic' '-march=x86-64'
Linking C executable cmTC_af7bb
/usr/bin/cmake -E cmake_link_script CMakeFiles/cmTC_af7bb.dir/link.txt --verbose=1
/usr/bin/cc     -v CMakeFiles/cmTC_af7bb.dir/CMakeCCompilerABI.c.o  -o cmTC_af7bb 
Using built-in specs.
COLLECT_GCC=/usr/bin/cc
COLLECT_LTO_WRAPPER=/usr/lib/gcc/x86_64-linux-gnu/9/lto-wrapper
OFFLOAD_TARGET_NAMES=nvptx-none:hsa
OFFLOAD_TARGET_DEFAULT=1
Target: x86_64-linux-gnu
Configured with: ../src/configure -v --with-pkgversion='Ubuntu 9.4.0-1ubuntu1~20.04' --with-bugurl=file:///usr/share/doc/gcc-9/README.Bugs --enable-languages=c,ada,c++,go,brig,d,fortran,objc,obj-c++,gm2 --prefix=/usr --with-gcc-major-version-only --program-suffix=-9 --program-prefix=x86_64-linux-gnu- --enable-shared --enable-linker-build-id --libexecdir=/usr/lib --without-included-gettext --enable-threads=posix --libdir=/usr/lib --enable-nls --enable-clocale=gnu --enable-libstdcxx-debug --enable-libstdcxx-time=yes --with-default-libstdcxx-abi=new --enable-gnu-unique-object --disable-vtable-verify --enable-plugin --enable-default-pie --with-system-zlib --with-target-system-zlib=auto --enable-objc-gc=auto --enable-multiarch --disable-werror --with-arch-32=i686 --with-abi=m64 --with-multilib-list=m32,m64,mx32 --enable-multilib --with-tune=generic --enable-offload-targets=nvptx-none=/build/gcc-9-yTrUTS/gcc-9-9.4.0/debian/tmp-nvptx/usr,hsa --without-cuda-driver --enable-checking=release --build=x86_64-linux-gnu --host=x86_64-linux-gnu --target=x86_64-linux-gnu
Thread model: posix
gcc version 9.4.0 (Ubuntu 9.4.0-1ubuntu1~20.04) 
COMPILER_PATH=/usr/lib/gcc/x86_64-linux-gnu/9/:/usr/lib/gcc/x86_64-linux-gnu/9/:/usr/lib/gcc/x86_64-linux-gnu/:/usr/lib/gcc/x86_64-linux-gnu/9/:/usr/lib/gcc/x86_64-linux-gnu/
LIBRARY_PATH=/usr/lib/gcc/x86_64-linux-gnu/9/:/usr/lib/gcc/x86_64-linux-gnu/9/../../../x86_64-linux-gnu/:/usr/lib/gcc/x86_64-linux-gnu/9/../../../../lib/:/lib/x86_64-linux-gnu/:/lib/../lib/:/usr/lib/x86_64-linux-gnu/:/usr/lib/../lib/:/usr/lib/gcc/x86_64-linux-gnu/9/../../../:/lib/:/usr/lib/
COLLECT_GCC_OPTIONS='-v' '-o' 'cmTC_af7bb' '-mtune=generic' '-march=x86-64'
 /usr/lib/gcc/x86_64-linux-gnu/9/collect2 -plugin /usr/lib/gcc/x86_64-linux-gnu/9/liblto_plugin.so -plugin-opt=/usr/lib/gcc/x86_64-linux-gnu/9/lto-wrapper -plugin-opt=-fresolution=/tmp/cc0S4IMu.res -plugin-opt=-pass-through=-lgcc -plugin-opt=-pass-through=-lgcc_s -plugin-opt=-pass-through=-lc -plugin-opt=-pass-through=-lgcc -plugin-opt=-pass-through=-lgcc_s --build-id --eh-frame-hdr -m elf_x86_64 --hash-style=gnu --as-needed -dynamic-linker /lib64/ld-linux-x86-64.so.2 -pie -z now -z relro -o cmTC_af7bb /usr/lib/gcc/x86_64-linux-gnu/9/../../../x86_64-linux-gnu/Scrt1.o /usr/lib/gcc/x86_64-linux-gnu/9/../../../x86_64-linux-gnu/crti.o /usr/lib/gcc/x86_64-linux-gnu/9/crtbeginS.o -L/usr/lib/gcc/x86_64-linux-gnu/9 -L/usr/lib/gcc/x86_64-linux-gnu/9/../../../x86_64-linux-gnu -L/usr/lib/gcc/x86_64-linux-gnu/9/../../../../lib -L/lib/x86_64-linux-gnu -L/lib/../lib -L/usr/lib/x86_64-linux-gnu -L/usr/lib/../lib -L/usr/lib/gcc/x86_64-linux-gnu/9/../../.. CMakeFiles/cmTC_af7bb.dir/CMakeCCompilerABI.c.o -lgcc --push-state --as-needed -lgcc_s --pop-state -lc -lgcc --push-state --as-needed -lgcc_s --pop-state /usr/lib/gcc/x86_64-linux-gnu/9/crtendS.o /usr/lib/gcc/x86_64-linux-gnu/9/../../../x86_64-linux-gnu/crtn.o
COLLECT_GCC_OPTIONS='-v' '-o' 'cmTC_af7bb' '-mtune=generic' '-march=x86-64'
make[1]: Leaving directory '/root/work/sol2/build/CMakeFiles/CMakeTmp'



Parsed C implicit include dir info from above output: rv=done
  found start of include info
  found start of implicit include info
    add: [/usr/lib/gcc/x86_64-linux-gnu/9/include]
    add: [/usr/local/include]
    add: [/usr/include/x86_64-linux-gnu]
    add: [/usr/include]
  end of search list found
  collapse include dir [/usr/lib/gcc/x86_64-linux-gnu/9/include] ==> [/usr/lib/gcc/x86_64-linux-gnu/9/include]
  collapse include dir [/usr/local/include] ==> [/usr/local/include]
  collapse include dir [/usr/include/x86_64-linux-gnu] ==> [/usr/include/x86_64-linux-gnu]
  collapse include dir [/usr/include] ==> [/usr/include]
  implicit include dirs: [/usr/lib/gcc/x86_64-linux-gnu/9/include;/usr/local/include;/usr/include/x86_64-linux-gnu;/usr/include]


Parsed C implicit link information from above output:
  link line regex: [^( *|.*[/\])(ld|CMAKE_LINK_STARTFILE-NOTFOUND|([^/\]+-)?ld|collect2)[^/\]*( |$)]
  ignore line: [Change Dir: /root/work/sol2/build/CMakeFiles/CMakeTmp]
  ignore line: []
  ignore line: [Run Build Command(s):/usr/bin/make cmTC_af7bb/fast && /usr/bin/make -f CMakeFiles/cmTC_af7bb.dir/build.make CMakeFiles/cmTC_af7bb.dir/build]
  ignore line: [make[1]: Entering directory '/root/work/sol2/build/CMakeFiles/CMakeTmp']
  ignore line: [Building C object CMakeFiles/cmTC_af7bb.dir/CMakeCCompilerABI.c.o]
  ignore line: [/usr/bin/cc   -v -o CMakeFiles/cmTC_af7bb.dir/CMakeCCompilerABI.c.o   -c /usr/share/cmake-3.16/Modules/CMakeCCompilerABI.c]
  ignore line: [Using built-in specs.]
  ignore line: [COLLECT_GCC=/usr/bin/cc]
  ignore line: [OFFLOAD_TARGET_NAMES=nvptx-none:hsa]
  ignore line: [OFFLOAD_TARGET_DEFAULT=1]
  ignore line: [Target: x86_64-linux-gnu]
  ignore line: [Configured with: ../src/configure -v --with-pkgversion='Ubuntu 9.4.0-1ubuntu1~20.04' --with-bugurl=file:///usr/share/doc/gcc-9/README.Bugs --enable-languages=c ada c++ go brig d fortran objc obj-c++ gm2 --prefix=/usr --with-gcc-major-version-only --program-suffix=-9 --program-prefix=x86_64-linux-gnu- --enable-shared --enable-linker-build-id --libexecdir=/usr/lib --without-included-gettext --enable-threads=posix --libdir=/usr/lib --enable-nls --enable-clocale=gnu --enable-libstdcxx-debug --enable-libstdcxx-time=yes --with-default-libstdcxx-abi=new --enable-gnu-unique-object --disable-vtable-verify --enable-plugin --enable-default-pie --with-system-zlib --with-target-system-zlib=auto --enable-objc-gc=auto --enable-multiarch --disable-werror --with-arch-32=i686 --with-abi=m64 --with-multilib-list=m32 m64 mx32 --enable-multilib --with-tune=generic --enable-offload-targets=nvptx-none=/build/gcc-9-yTrUTS/gcc-9-9.4.0/debian/tmp-nvptx/usr hsa --without-cuda-driver --enable-checking=release --build=x86_64-linux-gnu --host=x86_64-linux-gnu --target=x86_64-linux-gnu]
  ignore line: [Thread model: posix]
  ignore line: [gcc version 9.4.0 (Ubuntu 9.4.0-1ubuntu1~20.04) ]
  ignore line: [COLLECT_GCC_OPTIONS='-v' '-o' 'CMakeFiles/cmTC_af7bb.dir/CMakeCCompilerABI.c.o' '-c' '-mtune=generic' '-march=x86-64']
  ignore line: [ /usr/lib/gcc/x86_64-linux-gnu/9/cc1 -quiet -v -imultiarch x86_64-linux-gnu /usr/share/cmake-3.16/Modules/CMakeCCompilerABI.c -quiet -dumpbase CMakeCCompilerABI.c -mtune=generic -march=x86-64 -auxbase-strip CMakeFiles/cmTC_af7bb.dir/CMakeCCompilerABI.c.o -version -fasynchronous-unwind-tables -fstack-protector-strong -Wformat -Wformat-security -fstack-clash-protection -fcf-protection -o /tmp/cceY3TW4.s]
  ignore line: [GNU C17 (Ubuntu 9.4.0-1ubuntu1~20.04) version 9.4.0 (x86_64-linux-gnu)]
  ignore line: [	compiled by GNU C version 9.4.0  GMP version 6.2.0  MPFR version 4.0.2  MPC version 1.1.0  isl version isl-0.22.1-GMP]
  ignore line: []
  ignore line: [GGC heuristics: --param ggc-min-expand=100 --param ggc-min-heapsize=131072]
  ignore line: [ignoring nonexistent directory "/usr/local/include/x86_64-linux-gnu"]
  ignore line: [ignoring nonexistent directory "/usr/lib/gcc/x86_64-linux-gnu/9/include-fixed"]
  ignore line: [ignoring nonexistent directory "/usr/lib/gcc/x86_64-linux-gnu/9/../../../../x86_64-linux-gnu/include"]
  ignore line: [#include "..." search starts here:]
  ignore line: [#include <...> search starts here:]
  ignore line: [ /usr/lib/gcc/x86_64-linux-gnu/9/include]
  ignore line: [ /usr/local/include]
  ignore line: [ /usr/include/x86_64-linux-gnu]
  ignore line: [ /usr/include]
  ignore line: [End of search list.]
  ignore line: [GNU C17 (Ubuntu 9.4.0-1ubuntu1~20.04) version 9.4.0 (x86_64-linux-gnu)]
  ignore line: [	compiled by GNU C version 9.4.0  GMP version 6.2.0  MPFR version 4.0.2  MPC version 1.1.0  isl version isl-0.22.1-GMP]
  ignore line: []
  ignore line: [GGC heuristics: --param ggc-min-expand=100 --param ggc-min-heapsize=131072]
  ignore line: [Compiler executable checksum: 0fa2a01b1ef16377fce6a0bcb60fb82d]
  ignore line: [COLLECT_GCC_OPTIONS='-v' '-o' 'CMakeFiles/cmTC_af7bb.dir/CMakeCCompilerABI.c.o' '-c' '-mtune=generic' '-march=x86-64']
  ignore line: [ as -v --64 -o CMakeFiles/cmTC_af7bb.dir/CMakeCCompilerABI.c.o /tmp/cceY3TW4.s]
  ignore line: [GNU assembler version 2.34 (x86_64-linux-gnu) using BFD version (GNU Binutils for Ubuntu) 2.34]
  ignore line: [COMPILER_PATH=/usr/lib/gcc/x86_64-linux-gnu/9/:/usr/lib/gcc/x86_64-linux-gnu/9/:/usr/lib/gcc/x86_64-linux-gnu/:/usr/lib/gcc/x86_64-linux-gnu/9/:/usr/lib/gcc/x86_64-linux-gnu/]
  ignore line: [LIBRARY_PATH=/usr/lib/gcc/x86_64-linux-gnu/9/:/usr/lib/gcc/x86_64-linux-gnu/9/../../../x86_64-linux-gnu/:/usr/lib/gcc/x86_64-linux-gnu/9/../../../../lib/:/lib/x86_64-linux-gnu/:/lib/../lib/:/usr/lib/x86_64-linux-gnu/:/usr/lib/../lib/:/usr/lib/gcc/x86_64-linux-gnu/9/../../../:/lib/:/usr/lib/]
  ignore line: [COLLECT_GCC_OPTIONS='-v' '-o' 'CMakeFiles/cmTC_af7bb.dir/CMakeCCompilerABI.c.o' '-c' '-mtune=generic' '-march=x86-64']
  ignore line: [Linking C executable cmTC_af7bb]
  ignore line: [/usr/bin/cmake -E cmake_link_script CMakeFiles/cmTC_af7bb.dir/link.txt --verbose=1]
  ignore line: [/usr/bin/cc     -v CMakeFiles/cmTC_af7bb.dir/CMakeCCompilerABI.c.o  -o cmTC_af7bb ]
  ignore line: [Using built-in specs.]
  ignore line: [COLLECT_GCC=/usr/bin/cc]
  ignore line: [COLLECT_LTO_WRAPPER=/usr/lib/gcc/x86_64-linux-gnu/9/lto-wrapper]
  ignore line: [OFFLOAD_TARGET_NAMES=nvptx-none:hsa]
  ignore line: [OFFLOAD_TARGET_DEFAULT=1]
  ignore line: [Target: x86_64-linux-gnu]
  ignore line: [Configured with: ../src/configure -v --with-pkgversion='Ubuntu 9.4.0-1ubuntu1~20.04' --with-bugurl=file:///usr/share/doc/gcc-9/README.Bugs --enable-languages=c ada c++ go brig d fortran objc obj-c++ gm2 --prefix=/usr --with-gcc-major-version-only --program-suffix=-9 --program-prefix=x86_64-linux-gnu- --enable-shared --enable-linker-build-id --libexecdir=/usr/lib --without-included-gettext --enable-threads=posix --libdir=/usr/lib --enable-nls --enable-clocale=gnu --enable-libstdcxx-debug --enable-libstdcxx-time=yes --with-default-libstdcxx-abi=new --enable-gnu-unique-object --disable-vtable-verify --enable-plugin --enable-default-pie --with-system-zlib --with-target-system-zlib=auto --enable-objc-gc=auto --enable-multiarch --disable-werror --with-arch-32=i686 --with-abi=m64 --with-multilib-list=m32 m64 mx32 --enable-multilib --with-tune=generic --enable-offload-targets=nvptx-none=/build/gcc-9-yTrUTS/gcc-9-9.4.0/debian/tmp-nvptx/usr hsa --without-cuda-driver --enable-checking=release --build=x86_64-linux-gnu --host=x86_64-linux-gnu --target=x86_64-linux-gnu]
  ignore line: [Thread model: posix]
  ignore line: [gcc version 9.4.0 (Ubuntu 9.4.0-1ubuntu1~20.04) ]
  ignore line: [COMPILER_PATH=/usr/lib/gcc/x86_64-linux-gnu/9/:/usr/lib/gcc/x86_64-linux-gnu/9/:/usr/lib/gcc/x86_64-linux-gnu/:/usr/lib/gcc/x86_64-linux-gnu/9/:/usr/lib/gcc/x86_64-linux-gnu/]
  ignore line: [LIBRARY_PATH=/usr/lib/gcc/x86_64-linux-gnu/9/:/usr/lib/gcc/x86_64-linux-gnu/9/../../../x86_64-linux-gnu/:/usr/lib/gcc/x86_64-linux-gnu/9/../../../../lib/:/lib/x86_64-linux-gnu/:/lib/../lib/:/usr/lib/x86_64-linux-gnu/:/usr/lib/../lib/:/usr/lib/gcc/x86_64-linux-gnu/9/../../../:/lib/:/usr/lib/]
  ignore line: [COLLECT_GCC_OPTIONS='-v' '-o' 'cmTC_af7bb' '-mtune=generic' '-march=x86-64']
  link line: [ /usr/lib/gcc/x86_64-linux-gnu/9/collect2 -plugin /usr/lib/gcc/x86_64-linux-gnu/9/liblto_plugin.so -plugin-opt=/usr/lib/gcc/x86_64-linux-gnu/9/lto-wrapper -plugin-opt=-fresolution=/tmp/cc0S4IMu.res -plugin-opt=-pass-through=-lgcc -plugin-opt=-pass-through=-lgcc_s -plugin-opt=-pass-through=-lc -plugin-opt=-pass-through=-lgcc -plugin-opt=-pass-through=-lgcc_s --build-id --eh-frame-hdr -m elf_x86_64 --hash-style=gnu --as-needed -dynamic-linker /lib64/ld-linux-x86-64.so.2 -pie -z now -z relro -o cmTC_af7bb /usr/lib/gcc/x86_64-linux-gnu/9/../../../x86_64-linux-gnu/Scrt1.o /usr/lib/gcc/x86_64-linux-gnu/9/../../../x86_64-linux-gnu/crti.o /usr/lib/gcc/x86_64-linux-gnu/9/crtbeginS.o -L/usr/lib/gcc/x86_64-linux-gnu/9 -L/usr/lib/gcc/x86_64-linux-gnu/9/../../../x86_64-linux-gnu -L/usr/lib/gcc/x86_64-linux-gnu/9/../../../../lib -L/lib/x86_64-linux-gnu -L/lib/../lib -L/usr/lib/x86_64-linux-gnu -L/usr/lib/../lib -L/usr/lib/gcc/x86_64-linux-gnu/9/../../.. CMakeFiles/cmTC_af7bb.dir/CMakeCCompilerABI.c.o -lgcc --push-state --as-needed -lgcc_s --pop-state -lc -lgcc --push-state --as-needed -lgcc_s --pop-state /usr/lib/gcc/x86_64-linux-gnu/9/crtendS.o /usr/lib/gcc/x86_64-linux-gnu/9/../../../x86_64-linux-gnu/crtn.o]
    arg [/usr/lib/gcc/x86_64-linux-gnu/9/collect2] ==> ignore
    arg [-plugin] ==> ignore
    arg [/usr/lib/gcc/x86_64-linux-gnu/9/liblto_plugin.so] ==> ignore
    arg [-plugin-opt=/usr/lib/gcc/x86_64-linux-gnu/9/lto-wrapper] ==> ignore
    arg [-plugin-opt=-fresolution=/tmp/cc0S4IMu.res] ==> ignore
    arg [-plugin-opt=-pass-through=-lgcc] ==> ignore
    arg [-plugin-opt=-pass-through=-lgcc_s] ==> ignore
    arg [-plugin-opt=-pass-through=-lc] ==> ignore
    arg [-plugin-opt=-pass-through=-lgcc] ==> ignore
    arg [-plugin-opt=-pass-through=-lgcc_s] ==> ignore
    arg [--build-id] ==> ignore
    arg [--eh-frame-hdr] ==> ignore
    arg [-m] ==> ignore
    arg [elf_x86_64] ==> ignore
    arg [--hash-style=gnu] ==> ignore
    arg [--as-needed] ==> ignore
    arg [-dynamic-linker] ==> ignore
    arg [/lib64/ld-linux-x86-64.so.2] ==> ignore
    arg [-pie] ==> ignore
    arg [-znow] ==> ignore
    arg [-zrelro] ==> ignore
    arg [-o] ==> ignore
    arg [cmTC_af7bb] ==> ignore
    arg [/usr/lib/gcc/x86_64-linux-gnu/9/../../../x86_64-linux-gnu/Scrt1.o] ==> ignore
    arg [/usr/lib/gcc/x86_64-linux-gnu/9/../../../x86_64-linux-gnu/crti.o] ==> ignore
    arg [/usr/lib/gcc/x86_64-linux-gnu/9/crtbeginS.o] ==> ignore
    arg [-L/usr/lib/gcc/x86_64-linux-gnu/9] ==> dir [/usr/lib/gcc/x86_64-linux-gnu/9]
    arg [-L/usr/lib/gcc/x86_64-linux-gnu/9/../../../x86_64-linux-gnu] ==> dir [/usr/lib/gcc/x86_64-linux-gnu/9/../../../x86_64-linux-gnu]
    arg [-L/usr/lib/gcc/x86_64-linux-gnu/9/../../../../lib] ==> dir [/usr/lib/gcc/x86_64-linux-gnu/9/../../../../lib]
    arg [-L/lib/x86_64-linux-gnu] ==> dir [/lib/x86_64-linux-gnu]
    arg [-L/lib/../lib] ==> dir [/lib/../lib]
    arg [-L/usr/lib/x86_64-linux-gnu] ==> dir [/usr/lib/x86_64-linux-gnu]
    arg [-L/usr/lib/../lib] ==> dir [/usr/lib/../lib]
    arg [-L/usr/lib/gcc/x86_64-linux-gnu/9/../../..] ==> dir [/usr/lib/gcc/x86_64-linux-gnu/9/../../..]
    arg [CMakeFiles/cmTC_af7bb.dir/CMakeCCompilerABI.c.o] ==> ignore
    arg [-lgcc] ==> lib [gcc]
    arg [--push-state] ==> ignore
    arg [--as-needed] ==> ignore
    arg [-lgcc_s] ==> lib [gcc_s]
    arg [--pop-state] ==> ignore
    arg [-lc] ==> lib [c]
    arg [-lgcc] ==> lib [gcc]
    arg [--push-state] ==> ignore
    arg [--as-needed] ==> ignore
    arg [-lgcc_s] ==> lib [gcc_s]
    arg [--pop-state] ==> ignore
    arg [/usr/lib/gcc/x86_64-linux-gnu/9/crtendS.o] ==> ignore
    arg [/usr/lib/gcc/x86_64-linux-gnu/9/../../../x86_64-linux-gnu/crtn.o] ==> ignore
  collapse library dir [/usr/lib/gcc/x86_64-linux-gnu/9] ==> [/usr/lib/gcc/x86_64-linux-gnu/9]
  collapse library dir [/usr/lib/gcc/x86_64-linux-gnu/9/../../../x86_64-linux-gnu] ==> [/usr/lib/x86_64-linux-gnu]
  collapse library dir [/usr/lib/gcc/x86_64-linux-gnu/9/../../../../lib] ==> [/usr/lib]
  collapse library dir [/lib/x86_64-linux-gnu] ==> [/lib/x86_64-linux-gnu]
  collapse library dir [/lib/../lib] ==> [/lib]
  collapse library dir [/usr/lib/x86_64-linux-gnu] ==> [/usr/lib/x86_64-linux-gnu]
  collapse library dir [/usr/lib/../lib] ==> [/usr/lib]
  collapse library dir [/usr/lib/gcc/x86_64-linux-gnu/9/../../..] ==> [/usr/lib]
  implicit libs: [gcc;gcc_s;c;gcc;gcc_s]
  implicit dirs: [/usr/lib/gcc/x86_64-linux-gnu/9;/usr/lib/x86_64-linux-gnu;/usr/lib;/lib/x86_64-linux-gnu;/lib]
  implicit fwks: []


Performing C++ SOURCE FILE Test CXX_CHECK_FLAG_DISABLE_PERMISSIVE succeeded with the following output:
Change Dir: /root/work/sol2/build/CMakeFiles/CMakeTmp

Run Build Command(s):/usr/bin/make cmTC_d8cee/fast && /usr/bin/make -f CMakeFiles/cmTC_d8cee.dir/build.make CMakeFiles/cmTC_d8cee.dir/build
make[1]: Entering directory '/root/work/sol2/build/CMakeFiles/CMakeTmp'
Building CXX object CMakeFiles/cmTC_d8cee.dir/src.cxx.o
/usr/bin/c++    -DCXX_CHECK_FLAG_DISABLE_PERMISSIVE   -pedantic -std=gnu++17 -o CMakeFiles/cmTC_d8cee.dir/src.cxx.o -c /root/work/sol2/build/CMakeFiles/CMakeTmp/src.cxx
Linking CXX executable cmTC_d8cee
/usr/bin/cmake -E cmake_link_script CMakeFiles/cmTC_d8cee.dir/link.txt --verbose=1
/usr/bin/c++   -DCXX_CHECK_FLAG_DISABLE_PERMISSIVE    CMakeFiles/cmTC_d8cee.dir/src.cxx.o  -o cmTC_d8cee 
make[1]: Leaving directory '/root/work/sol2/build/CMakeFiles/CMakeTmp'


Source file was:
int main() { return 0; }
Performing C SOURCE FILE Test C_CHECK_FLAG_DISABLE_PERMISSIVE succeeded with the following output:
Change Dir: /root/work/sol2/build/CMakeFiles/CMakeTmp

Run Build Command(s):/usr/bin/make cmTC_b061e/fast && /usr/bin/make -f CMakeFiles/cmTC_b061e.dir/build.make CMakeFiles/cmTC_b061e.dir/build
make[1]: Entering directory '/root/work/sol2/build/CMakeFiles/CMakeTmp'
Building C object CMakeFiles/cmTC_b061e.dir/src.c.o
/usr/bin/cc   -DC_CHECK_FLAG_DISABLE_PERMISSIVE   -pedantic -std=gnu11 -o CMakeFiles/cmTC_b061e.dir/src.c.o   -c /root/work/sol2/build/CMakeFiles/CMakeTmp/src.c
Linking C executable cmTC_b061e
/usr/bin/cmake -E cmake_link_script CMakeFiles/cmTC_b061e.dir/link.txt --verbose=1
/usr/bin/cc  -DC_CHECK_FLAG_DISABLE_PERMISSIVE    CMakeFiles/cmTC_b061e.dir/src.c.o  -o cmTC_b061e 
make[1]: Leaving directory '/root/work/sol2/build/CMakeFiles/CMakeTmp'


Source file was:
int main(void) { return 0; }
Performing C++ SOURCE FILE Test CXX_CHECK_FLAG_UTF8_LITERAL_ENCODING succeeded with the following output:
Change Dir: /root/work/sol2/build/CMakeFiles/CMakeTmp

Run Build Command(s):/usr/bin/make cmTC_6b9ed/fast && /usr/bin/make -f CMakeFiles/cmTC_6b9ed.dir/build.make CMakeFiles/cmTC_6b9ed.dir/build
make[1]: Entering directory '/root/work/sol2/build/CMakeFiles/CMakeTmp'
Building CXX object CMakeFiles/cmTC_6b9ed.dir/src.cxx.o
/usr/bin/c++    -DCXX_CHECK_FLAG_UTF8_LITERAL_ENCODING   -fexec-charset=utf-8 -std=gnu++17 -o CMakeFiles/cmTC_6b9ed.dir/src.cxx.o -c /root/work/sol2/build/CMakeFiles/CMakeTmp/src.cxx
Linking CXX executable cmTC_6b9ed
/usr/bin/cmake -E cmake_link_script CMakeFiles/cmTC_6b9ed.dir/link.txt --verbose=1
/usr/bin/c++   -DCXX_CHECK_FLAG_UTF8_LITERAL_ENCODING    CMakeFiles/cmTC_6b9ed.dir/src.cxx.o  -o cmTC_6b9ed 
make[1]: Leaving directory '/root/work/sol2/build/CMakeFiles/CMakeTmp'


Source file was:
int main() { return 0; }
Performing C SOURCE FILE Test C_CHECK_FLAG_UTF8_LITERAL_ENCODING succeeded with the following output:
Change Dir: /root/work/sol2/build/CMakeFiles/CMakeTmp

Run Build Command(s):/usr/bin/make cmTC_95100/fast && /usr/bin/make -f CMakeFiles/cmTC_95100.dir/build.make CMakeFiles/cmTC_95100.dir/build
make[1]: Entering directory '/root/work/sol2/build/CMakeFiles/CMakeTmp'
Building C object CMakeFiles/cmTC_95100.dir/src.c.o
/usr/bin/cc   -DC_CHECK_FLAG_UTF8_LITERAL_ENCODING   -fexec-charset=utf-8 -std=gnu11 -o CMakeFiles/cmTC_95100.dir/src.c.o   -c /root/work/sol2/build/CMakeFiles/CMakeTmp/src.c
Linking C executable cmTC_95100
/usr/bin/cmake -E cmake_link_script CMakeFiles/cmTC_95100.dir/link.txt --verbose=1
/usr/bin/cc  -DC_CHECK_FLAG_UTF8_LITERAL_ENCODING    CMakeFiles/cmTC_95100.dir/src.c.o  -o cmTC_95100 
make[1]: Leaving directory '/root/work/sol2/build/CMakeFiles/CMakeTmp'


Source file was:
int main(void) { return 0; }
Performing C++ SOURCE FILE Test CXX_CHECK_FLAG_UTF8_SOURCE_ENCODING succeeded with the following output:
Change Dir: /root/work/sol2/build/CMakeFiles/CMakeTmp

Run Build Command(s):/usr/bin/make cmTC_b27b1/fast && /usr/bin/make -f CMakeFiles/cmTC_b27b1.dir/build.make CMakeFiles/cmTC_b27b1.dir/build
make[1]: Entering directory '/root/work/sol2/build/CMakeFiles/CMakeTmp'
Building CXX object CMakeFiles/cmTC_b27b1.dir/src.cxx.o
/usr/bin/c++    -DCXX_CHECK_FLAG_UTF8_SOURCE_ENCODING   -finput-charset=utf-8 -std=gnu++17 -o CMakeFiles/cmTC_b27b1.dir/src.cxx.o -c /root/work/sol2/build/CMakeFiles/CMakeTmp/src.cxx
Linking CXX executable cmTC_b27b1
/usr/bin/cmake -E cmake_link_script CMakeFiles/cmTC_b27b1.dir/link.txt --verbose=1
/usr/bin/c++   -DCXX_CHECK_FLAG_UTF8_SOURCE_ENCODING    CMakeFiles/cmTC_b27b1.dir/src.cxx.o  -o cmTC_b27b1 
make[1]: Leaving directory '/root/work/sol2/build/CMakeFiles/CMakeTmp'


Source file was:
int main() { return 0; }
Performing C SOURCE FILE Test C_CHECK_FLAG_UTF8_SOURCE_ENCODING succeeded with the following output:
Change Dir: /root/work/sol2/build/CMakeFiles/CMakeTmp

Run Build Command(s):/usr/bin/make cmTC_39379/fast && /usr/bin/make -f CMakeFiles/cmTC_39379.dir/build.make CMakeFiles/cmTC_39379.dir/build
make[1]: Entering directory '/root/work/sol2/build/CMakeFiles/CMakeTmp'
Building C object CMakeFiles/cmTC_39379.dir/src.c.o
/usr/bin/cc   -DC_CHECK_FLAG_UTF8_SOURCE_ENCODING   -finput-charset=utf-8 -std=gnu11 -o CMakeFiles/cmTC_39379.dir/src.c.o   -c /root/work/sol2/build/CMakeFiles/CMakeTmp/src.c
Linking C executable cmTC_39379
/usr/bin/cmake -E cmake_link_script CMakeFiles/cmTC_39379.dir/link.txt --verbose=1
/usr/bin/cc  -DC_CHECK_FLAG_UTF8_SOURCE_ENCODING    CMakeFiles/cmTC_39379.dir/src.c.o  -o cmTC_39379 
make[1]: Leaving directory '/root/work/sol2/build/CMakeFiles/CMakeTmp'


Source file was:
int main(void) { return 0; }
Performing C++ SOURCE FILE Test CXX_CHECK_FLAG_EXTRA_CONSTEXPR_DEPTH succeeded with the following output:
Change Dir: /root/work/sol2/build/CMakeFiles/CMakeTmp

Run Build Command(s):/usr/bin/make cmTC_1b239/fast && /usr/bin/make -f CMakeFiles/cmTC_1b239.dir/build.make CMakeFiles/cmTC_1b239.dir/build
make[1]: Entering directory '/root/work/sol2/build/CMakeFiles/CMakeTmp'
Building CXX object CMakeFiles/cmTC_1b239.dir/src.cxx.o
/usr/bin/c++    -DCXX_CHECK_FLAG_EXTRA_CONSTEXPR_DEPTH   -fconstexpr-depth=2147483647 -std=gnu++17 -o CMakeFiles/cmTC_1b239.dir/src.cxx.o -c /root/work/sol2/build/CMakeFiles/CMakeTmp/src.cxx
Linking CXX executable cmTC_1b239
/usr/bin/cmake -E cmake_link_script CMakeFiles/cmTC_1b239.dir/link.txt --verbose=1
/usr/bin/c++   -DCXX_CHECK_FLAG_EXTRA_CONSTEXPR_DEPTH    CMakeFiles/cmTC_1b239.dir/src.cxx.o  -o cmTC_1b239 
make[1]: Leaving directory '/root/work/sol2/build/CMakeFiles/CMakeTmp'


Source file was:
int main() { return 0; }
Performing C++ SOURCE FILE Test CXX_CHECK_FLAG_EXTRA_CONSTEXPR_STEPS succeeded with the following output:
Change Dir: /root/work/sol2/build/CMakeFiles/CMakeTmp

Run Build Command(s):/usr/bin/make cmTC_a7a04/fast && /usr/bin/make -f CMakeFiles/cmTC_a7a04.dir/build.make CMakeFiles/cmTC_a7a04.dir/build
make[1]: Entering directory '/root/work/sol2/build/CMakeFiles/CMakeTmp'
Building CXX object CMakeFiles/cmTC_a7a04.dir/src.cxx.o
/usr/bin/c++    -DCXX_CHECK_FLAG_EXTRA_CONSTEXPR_STEPS   -fconstexpr-ops-limit=2147483647 -std=gnu++17 -o CMakeFiles/cmTC_a7a04.dir/src.cxx.o -c /root/work/sol2/build/CMakeFiles/CMakeTmp/src.cxx
Linking CXX executable cmTC_a7a04
/usr/bin/cmake -E cmake_link_script CMakeFiles/cmTC_a7a04.dir/link.txt --verbose=1
/usr/bin/c++   -DCXX_CHECK_FLAG_EXTRA_CONSTEXPR_STEPS    CMakeFiles/cmTC_a7a04.dir/src.cxx.o  -o cmTC_a7a04 
make[1]: Leaving directory '/root/work/sol2/build/CMakeFiles/CMakeTmp'


Source file was:
int main() { return 0; }
Performing C++ SOURCE FILE Test CXX_CHECK_FLAG_TEMPLATE_DEBUGGING_MODE succeeded with the following output:
Change Dir: /root/work/sol2/build/CMakeFiles/CMakeTmp

Run Build Command(s):/usr/bin/make cmTC_52acd/fast && /usr/bin/make -f CMakeFiles/cmTC_52acd.dir/build.make CMakeFiles/cmTC_52acd.dir/build
make[1]: Entering directory '/root/work/sol2/build/CMakeFiles/CMakeTmp'
Building CXX object CMakeFiles/cmTC_52acd.dir/src.cxx.o
/usr/bin/c++    -DCXX_CHECK_FLAG_TEMPLATE_DEBUGGING_MODE   -ftemplate-backtrace-limit=0 -std=gnu++17 -o CMakeFiles/cmTC_52acd.dir/src.cxx.o -c /root/work/sol2/build/CMakeFiles/CMakeTmp/src.cxx
Linking CXX executable cmTC_52acd
/usr/bin/cmake -E cmake_link_script CMakeFiles/cmTC_52acd.dir/link.txt --verbose=1
/usr/bin/c++   -DCXX_CHECK_FLAG_TEMPLATE_DEBUGGING_MODE    CMakeFiles/cmTC_52acd.dir/src.cxx.o  -o cmTC_52acd 
make[1]: Leaving directory '/root/work/sol2/build/CMakeFiles/CMakeTmp'


Source file was:
int main() { return 0; }
Performing C++ SOURCE FILE Test CXX_CHECK_FLAG_PEDANTIC succeeded with the following output:
Change Dir: /root/work/sol2/build/CMakeFiles/CMakeTmp

Run Build Command(s):/usr/bin/make cmTC_b8b3c/fast && /usr/bin/make -f CMakeFiles/cmTC_b8b3c.dir/build.make CMakeFiles/cmTC_b8b3c.dir/build
make[1]: Entering directory '/root/work/sol2/build/CMakeFiles/CMakeTmp'
Building CXX object CMakeFiles/cmTC_b8b3c.dir/src.cxx.o
/usr/bin/c++    -DCXX_CHECK_FLAG_PEDANTIC   -pedantic -std=gnu++17 -o CMakeFiles/cmTC_b8b3c.dir/src.cxx.o -c /root/work/sol2/build/CMakeFiles/CMakeTmp/src.cxx
Linking CXX executable cmTC_b8b3c
/usr/bin/cmake -E cmake_link_script CMakeFiles/cmTC_b8b3c.dir/link.txt --verbose=1
/usr/bin/c++   -DCXX_CHECK_FLAG_PEDANTIC    CMakeFiles/cmTC_b8b3c.dir/src.cxx.o  -o cmTC_b8b3c 
make[1]: Leaving directory '/root/work/sol2/build/CMakeFiles/CMakeTmp'


Source file was:
int main() { return 0; }
Performing C SOURCE FILE Test C_CHECK_FLAG_PEDANTIC succeeded with the following output:
Change Dir: /root/work/sol2/build/CMakeFiles/CMakeTmp

Run Build Command(s):/usr/bin/make cmTC_292ea/fast && /usr/bin/make -f CMakeFiles/cmTC_292ea.dir/build.make CMakeFiles/cmTC_292ea.dir/build
make[1]: Entering directory '/root/work/sol2/build/CMakeFiles/CMakeTmp'
Building C object CMakeFiles/cmTC_292ea.dir/src.c.o
/usr/bin/cc   -DC_CHECK_FLAG_PEDANTIC   -pedantic -std=gnu11 -o CMakeFiles/cmTC_292ea.dir/src.c.o   -c /root/work/sol2/build/CMakeFiles/CMakeTmp/src.c
Linking C executable cmTC_292ea
/usr/bin/cmake -E cmake_link_script CMakeFiles/cmTC_292ea.dir/link.txt --verbose=1
/usr/bin/cc  -DC_CHECK_FLAG_PEDANTIC    CMakeFiles/cmTC_292ea.dir/src.c.o  -o cmTC_292ea 
make[1]: Leaving directory '/root/work/sol2/build/CMakeFiles/CMakeTmp'


Source file was:
int main(void) { return 0; }
Performing C++ SOURCE FILE Test CXX_CHECK_FLAG_WARN_PEDANTIC succeeded with the following output:
Change Dir: /root/work/sol2/build/CMakeFiles/CMakeTmp

Run Build Command(s):/usr/bin/make cmTC_40807/fast && /usr/bin/make -f CMakeFiles/cmTC_40807.dir/build.make CMakeFiles/cmTC_40807.dir/build
make[1]: Entering directory '/root/work/sol2/build/CMakeFiles/CMakeTmp'
Building CXX object CMakeFiles/cmTC_40807.dir/src.cxx.o
/usr/bin/c++    -DCXX_CHECK_FLAG_WARN_PEDANTIC   -Wpedantic -std=gnu++17 -o CMakeFiles/cmTC_40807.dir/src.cxx.o -c /root/work/sol2/build/CMakeFiles/CMakeTmp/src.cxx
Linking CXX executable cmTC_40807
/usr/bin/cmake -E cmake_link_script CMakeFiles/cmTC_40807.dir/link.txt --verbose=1
/usr/bin/c++   -DCXX_CHECK_FLAG_WARN_PEDANTIC    CMakeFiles/cmTC_40807.dir/src.cxx.o  -o cmTC_40807 
make[1]: Leaving directory '/root/work/sol2/build/CMakeFiles/CMakeTmp'


Source file was:
int main() { return 0; }
Performing C SOURCE FILE Test C_CHECK_FLAG_WARN_PEDANTIC succeeded with the following output:
Change Dir: /root/work/sol2/build/CMakeFiles/CMakeTmp

Run Build Command(s):/usr/bin/make cmTC_ac3f5/fast && /usr/bin/make -f CMakeFiles/cmTC_ac3f5.dir/build.make CMakeFiles/cmTC_ac3f5.dir/build
make[1]: Entering directory '/root/work/sol2/build/CMakeFiles/CMakeTmp'
Building C object CMakeFiles/cmTC_ac3f5.dir/src.c.o
/usr/bin/cc   -DC_CHECK_FLAG_WARN_PEDANTIC   -Wpedantic -std=gnu11 -o CMakeFiles/cmTC_ac3f5.dir/src.c.o   -c /root/work/sol2/build/CMakeFiles/CMakeTmp/src.c
Linking C executable cmTC_ac3f5
/usr/bin/cmake -E cmake_link_script CMakeFiles/cmTC_ac3f5.dir/link.txt --verbose=1
/usr/bin/cc  -DC_CHECK_FLAG_WARN_PEDANTIC    CMakeFiles/cmTC_ac3f5.dir/src.c.o  -o cmTC_ac3f5 
make[1]: Leaving directory '/root/work/sol2/build/CMakeFiles/CMakeTmp'


Source file was:
int main(void) { return 0; }
Performing C++ SOURCE FILE Test CXX_CHECK_FLAG_WARN_ALL succeeded with the following output:
Change Dir: /root/work/sol2/build/CMakeFiles/CMakeTmp

Run Build Command(s):/usr/bin/make cmTC_507fa/fast && /usr/bin/make -f CMakeFiles/cmTC_507fa.dir/build.make CMakeFiles/cmTC_507fa.dir/build
make[1]: Entering directory '/root/work/sol2/build/CMakeFiles/CMakeTmp'
Building CXX object CMakeFiles/cmTC_507fa.dir/src.cxx.o
/usr/bin/c++    -DCXX_CHECK_FLAG_WARN_ALL   -Wall -std=gnu++17 -o CMakeFiles/cmTC_507fa.dir/src.cxx.o -c /root/work/sol2/build/CMakeFiles/CMakeTmp/src.cxx
Linking CXX executable cmTC_507fa
/usr/bin/cmake -E cmake_link_script CMakeFiles/cmTC_507fa.dir/link.txt --verbose=1
/usr/bin/c++   -DCXX_CHECK_FLAG_WARN_ALL    CMakeFiles/cmTC_507fa.dir/src.cxx.o  -o cmTC_507fa 
make[1]: Leaving directory '/root/work/sol2/build/CMakeFiles/CMakeTmp'


Source file was:
int main() { return 0; }
Performing C SOURCE FILE Test C_CHECK_FLAG_WARN_ALL succeeded with the following output:
Change Dir: /root/work/sol2/build/CMakeFiles/CMakeTmp

Run Build Command(s):/usr/bin/make cmTC_b127d/fast && /usr/bin/make -f CMakeFiles/cmTC_b127d.dir/build.make CMakeFiles/cmTC_b127d.dir/build
make[1]: Entering directory '/root/work/sol2/build/CMakeFiles/CMakeTmp'
Building C object CMakeFiles/cmTC_b127d.dir/src.c.o
/usr/bin/cc   -DC_CHECK_FLAG_WARN_ALL   -Wall -std=gnu11 -o CMakeFiles/cmTC_b127d.dir/src.c.o   -c /root/work/sol2/build/CMakeFiles/CMakeTmp/src.c
Linking C executable cmTC_b127d
/usr/bin/cmake -E cmake_link_script CMakeFiles/cmTC_b127d.dir/link.txt --verbose=1
/usr/bin/cc  -DC_CHECK_FLAG_WARN_ALL    CMakeFiles/cmTC_b127d.dir/src.c.o  -o cmTC_b127d 
make[1]: Leaving directory '/root/work/sol2/build/CMakeFiles/CMakeTmp'


Source file was:
int main(void) { return 0; }
Performing C++ SOURCE FILE Test CXX_CHECK_FLAG_WARN_EXTRA succeeded with the following output:
Change Dir: /root/work/sol2/build/CMakeFiles/CMakeTmp

Run Build Command(s):/usr/bin/make cmTC_0d789/fast && /usr/bin/make -f CMakeFiles/cmTC_0d789.dir/build.make CMakeFiles/cmTC_0d789.dir/build
make[1]: Entering directory '/root/work/sol2/build/CMakeFiles/CMakeTmp'
Building CXX object CMakeFiles/cmTC_0d789.dir/src.cxx.o
/usr/bin/c++    -DCXX_CHECK_FLAG_WARN_EXTRA   -Wextra -std=gnu++17 -o CMakeFiles/cmTC_0d789.dir/src.cxx.o -c /root/work/sol2/build/CMakeFiles/CMakeTmp/src.cxx
Linking CXX executable cmTC_0d789
/usr/bin/cmake -E cmake_link_script CMakeFiles/cmTC_0d789.dir/link.txt --verbose=1
/usr/bin/c++   -DCXX_CHECK_FLAG_WARN_EXTRA    CMakeFiles/cmTC_0d789.dir/src.cxx.o  -o cmTC_0d789 
make[1]: Leaving directory '/root/work/sol2/build/CMakeFiles/CMakeTmp'


Source file was:
int main() { return 0; }
Performing C SOURCE FILE Test C_CHECK_FLAG_WARN_EXTRA succeeded with the following output:
Change Dir: /root/work/sol2/build/CMakeFiles/CMakeTmp

Run Build Command(s):/usr/bin/make cmTC_9482c/fast && /usr/bin/make -f CMakeFiles/cmTC_9482c.dir/build.make CMakeFiles/cmTC_9482c.dir/build
make[1]: Entering directory '/root/work/sol2/build/CMakeFiles/CMakeTmp'
Building C object CMakeFiles/cmTC_9482c.dir/src.c.o
/usr/bin/cc   -DC_CHECK_FLAG_WARN_EXTRA   -Wextra -std=gnu11 -o CMakeFiles/cmTC_9482c.dir/src.c.o   -c /root/work/sol2/build/CMakeFiles/CMakeTmp/src.c
Linking C executable cmTC_9482c
/usr/bin/cmake -E cmake_link_script CMakeFiles/cmTC_9482c.dir/link.txt --verbose=1
/usr/bin/cc  -DC_CHECK_FLAG_WARN_EXTRA    CMakeFiles/cmTC_9482c.dir/src.c.o  -o cmTC_9482c 
make[1]: Leaving directory '/root/work/sol2/build/CMakeFiles/CMakeTmp'


Source file was:
int main(void) { return 0; }
Performing C++ SOURCE FILE Test CXX_CHECK_FLAG_WARN_ERRORS succeeded with the following output:
Change Dir: /root/work/sol2/build/CMakeFiles/CMakeTmp

Run Build Command(s):/usr/bin/make cmTC_2fea2/fast && /usr/bin/make -f CMakeFiles/cmTC_2fea2.dir/build.make CMakeFiles/cmTC_2fea2.dir/build
make[1]: Entering directory '/root/work/sol2/build/CMakeFiles/CMakeTmp'
Building CXX object CMakeFiles/cmTC_2fea2.dir/src.cxx.o
/usr/bin/c++    -DCXX_CHECK_FLAG_WARN_ERRORS   -Werror -std=gnu++17 -o CMakeFiles/cmTC_2fea2.dir/src.cxx.o -c /root/work/sol2/build/CMakeFiles/CMakeTmp/src.cxx
Linking CXX executable cmTC_2fea2
/usr/bin/cmake -E cmake_link_script CMakeFiles/cmTC_2fea2.dir/link.txt --verbose=1
/usr/bin/c++   -DCXX_CHECK_FLAG_WARN_ERRORS    CMakeFiles/cmTC_2fea2.dir/src.cxx.o  -o cmTC_2fea2 
make[1]: Leaving directory '/root/work/sol2/build/CMakeFiles/CMakeTmp'


Source file was:
int main() { return 0; }
Performing C SOURCE FILE Test C_CHECK_FLAG_WARN_ERRORS succeeded with the following output:
Change Dir: /root/work/sol2/build/CMakeFiles/CMakeTmp

Run Build Command(s):/usr/bin/make cmTC_7ad10/fast && /usr/bin/make -f CMakeFiles/cmTC_7ad10.dir/build.make CMakeFiles/cmTC_7ad10.dir/build
make[1]: Entering directory '/root/work/sol2/build/CMakeFiles/CMakeTmp'
Building C object CMakeFiles/cmTC_7ad10.dir/src.c.o
/usr/bin/cc   -DC_CHECK_FLAG_WARN_ERRORS   -Werror -std=gnu11 -o CMakeFiles/cmTC_7ad10.dir/src.c.o   -c /root/work/sol2/build/CMakeFiles/CMakeTmp/src.c
Linking C executable cmTC_7ad10
/usr/bin/cmake -E cmake_link_script CMakeFiles/cmTC_7ad10.dir/link.txt --verbose=1
/usr/bin/cc  -DC_CHECK_FLAG_WARN_ERRORS    CMakeFiles/cmTC_7ad10.dir/src.c.o  -o cmTC_7ad10 
make[1]: Leaving directory '/root/work/sol2/build/CMakeFiles/CMakeTmp'


Source file was:
int main(void) { return 0; }
Performing C++ SOURCE FILE Test CXX_DIAGNOSTIC_NOEXCEPT_TYPE succeeded with the following output:
Change Dir: /root/work/sol2/build/CMakeFiles/CMakeTmp

Run Build Command(s):/usr/bin/make cmTC_1c511/fast && /usr/bin/make -f CMakeFiles/cmTC_1c511.dir/build.make CMakeFiles/cmTC_1c511.dir/build
make[1]: Entering directory '/root/work/sol2/build/CMakeFiles/CMakeTmp'
Building CXX object CMakeFiles/cmTC_1c511.dir/src.cxx.o
/usr/bin/c++    -DCXX_DIAGNOSTIC_NOEXCEPT_TYPE   -Wnoexcept-type -std=gnu++17 -o CMakeFiles/cmTC_1c511.dir/src.cxx.o -c /root/work/sol2/build/CMakeFiles/CMakeTmp/src.cxx
Linking CXX executable cmTC_1c511
/usr/bin/cmake -E cmake_link_script CMakeFiles/cmTC_1c511.dir/link.txt --verbose=1
/usr/bin/c++   -DCXX_DIAGNOSTIC_NOEXCEPT_TYPE    CMakeFiles/cmTC_1c511.dir/src.cxx.o  -o cmTC_1c511 
make[1]: Leaving directory '/root/work/sol2/build/CMakeFiles/CMakeTmp'


Source file was:
int main() { return 0; }
Performing C++ SOURCE FILE Test CXX_DIAGNOSTIC_UNREACHABLE_CODE succeeded with the following output:
Change Dir: /root/work/sol2/build/CMakeFiles/CMakeTmp

Run Build Command(s):/usr/bin/make cmTC_38913/fast && /usr/bin/make -f CMakeFiles/cmTC_38913.dir/build.make CMakeFiles/cmTC_38913.dir/build
make[1]: Entering directory '/root/work/sol2/build/CMakeFiles/CMakeTmp'
Building CXX object CMakeFiles/cmTC_38913.dir/src.cxx.o
/usr/bin/c++    -DCXX_DIAGNOSTIC_UNREACHABLE_CODE   -Wunreachable-code -std=gnu++17 -o CMakeFiles/cmTC_38913.dir/src.cxx.o -c /root/work/sol2/build/CMakeFiles/CMakeTmp/src.cxx
Linking CXX executable cmTC_38913
/usr/bin/cmake -E cmake_link_script CMakeFiles/cmTC_38913.dir/link.txt --verbose=1
/usr/bin/c++   -DCXX_DIAGNOSTIC_UNREACHABLE_CODE    CMakeFiles/cmTC_38913.dir/src.cxx.o  -o cmTC_38913 
make[1]: Leaving directory '/root/work/sol2/build/CMakeFiles/CMakeTmp'


Source file was:
int main() { return 0; }
Performing C SOURCE FILE Test C_DIAGNOSTIC_UNREACHABLE_CODE succeeded with the following output:
Change Dir: /root/work/sol2/build/CMakeFiles/CMakeTmp

Run Build Command(s):/usr/bin/make cmTC_bf7a9/fast && /usr/bin/make -f CMakeFiles/cmTC_bf7a9.dir/build.make CMakeFiles/cmTC_bf7a9.dir/build
make[1]: Entering directory '/root/work/sol2/build/CMakeFiles/CMakeTmp'
Building C object CMakeFiles/cmTC_bf7a9.dir/src.c.o
/usr/bin/cc   -DC_DIAGNOSTIC_UNREACHABLE_CODE   -Wunreachable-code -std=gnu11 -o CMakeFiles/cmTC_bf7a9.dir/src.c.o   -c /root/work/sol2/build/CMakeFiles/CMakeTmp/src.c
Linking C executable cmTC_bf7a9
/usr/bin/cmake -E cmake_link_script CMakeFiles/cmTC_bf7a9.dir/link.txt --verbose=1
/usr/bin/cc  -DC_DIAGNOSTIC_UNREACHABLE_CODE    CMakeFiles/cmTC_bf7a9.dir/src.c.o  -o cmTC_bf7a9 
make[1]: Leaving directory '/root/work/sol2/build/CMakeFiles/CMakeTmp'


Source file was:
int main(void) { return 0; }
Determining if the include file pthread.h exists passed with the following output:
Change Dir: /root/work/sol2/build/CMakeFiles/CMakeTmp

Run Build Command(s):/usr/bin/make cmTC_a152a/fast && /usr/bin/make -f CMakeFiles/cmTC_a152a.dir/build.make CMakeFiles/cmTC_a152a.dir/build
make[1]: Entering directory '/root/work/sol2/build/CMakeFiles/CMakeTmp'
Building C object CMakeFiles/cmTC_a152a.dir/CheckIncludeFile.c.o
/usr/bin/cc   -std=gnu11 -o CMakeFiles/cmTC_a152a.dir/CheckIncludeFile.c.o   -c /root/work/sol2/build/CMakeFiles/CMakeTmp/CheckIncludeFile.c
Linking C executable cmTC_a152a
/usr/bin/cmake -E cmake_link_script CMakeFiles/cmTC_a152a.dir/link.txt --verbose=1
/usr/bin/cc      CMakeFiles/cmTC_a152a.dir/CheckIncludeFile.c.o  -o cmTC_a152a 
make[1]: Leaving directory '/root/work/sol2/build/CMakeFiles/CMakeTmp'



Determining if the function pthread_create exists in the pthread passed with the following output:
Change Dir: /root/work/sol2/build/CMakeFiles/CMakeTmp

Run Build Command(s):/usr/bin/make cmTC_f1e1a/fast && /usr/bin/make -f CMakeFiles/cmTC_f1e1a.dir/build.make CMakeFiles/cmTC_f1e1a.dir/build
make[1]: Entering directory '/root/work/sol2/build/CMakeFiles/CMakeTmp'
Building C object CMakeFiles/cmTC_f1e1a.dir/CheckFunctionExists.c.o
/usr/bin/cc   -DCHECK_FUNCTION_EXISTS=pthread_create   -std=gnu11 -o CMakeFiles/cmTC_f1e1a.dir/CheckFunctionExists.c.o   -c /usr/share/cmake-3.16/Modules/CheckFunctionExists.c
Linking C executable cmTC_f1e1a
/usr/bin/cmake -E cmake_link_script CMakeFiles/cmTC_f1e1a.dir/link.txt --verbose=1
/usr/bin/cc  -DCHECK_FUNCTION_EXISTS=pthread_create    CMakeFiles/cmTC_f1e1a.dir/CheckFunctionExists.c.o  -o cmTC_f1e1a  -lpthread 
make[1]: Leaving directory '/root/work/sol2/build/CMakeFiles/CMakeTmp'



